[INFO ] 2015-09-17 20:33:39.492 [main] SEMP - >>>>>>   START  <<<<<<<
[INFO ] 2015-09-17 20:33:39.492 [main] SEMP - SEMP Gateway initialized!
[INFO ] 2015-09-17 20:33:39.492 [main] SEMP - SEMP Engine started!
[INFO ] 2015-09-17 20:33:49.493 [main] SEMP - SEMP Engine stopped!
[INFO ] 2015-09-17 20:33:49.493 [main] SEMP - >>>>>>   STOP   <<<<<<<
[INFO ] 2015-09-17 20:45:22.943 [main] SEMP - >>>>>>   START  <<<<<<<
[INFO ] 2015-09-17 20:45:22.943 [main] SEMP - SEMP Gateway initialized!
[INFO ] 2015-09-17 20:45:22.943 [main] SEMP - >>>>>>   STOP   <<<<<<<
[INFO ] 2015-09-17 20:46:04.888 [main] SEMP - >>>>>>   START  <<<<<<<
[INFO ] 2015-09-17 20:46:04.888 [main] SEMP - SEMP Gateway initialized!
[INFO ] 2015-09-17 20:46:04.888 [main] SEMP - >>>>>>   STOP   <<<<<<<
[INFO ] 2015-09-17 20:52:57.812 [main] SEMP - >>>>>>   START  <<<<<<<
[INFO ] 2015-09-17 20:52:57.812 [main] SEMP - SEMP Gateway initialized!
[INFO ] 2015-09-17 20:52:57.812 [main] SEMP - >>>>>>   STOP   <<<<<<<
[INFO ] 2015-09-17 20:53:00.437 [main] SEMP - >>>>>>   START  <<<<<<<
[INFO ] 2015-09-17 20:53:00.437 [main] SEMP - SEMP Gateway initialized!
[INFO ] 2015-09-17 20:53:00.437 [main] SEMP - >>>>>>   STOP   <<<<<<<
[INFO ] 2015-09-17 20:53:05.359 [main] SEMP - >>>>>>   START  <<<<<<<
[INFO ] 2015-09-17 20:53:05.359 [main] SEMP - SEMP Gateway initialized!
[INFO ] 2015-09-17 20:53:05.359 [main] SEMP - >>>>>>   STOP   <<<<<<<
[INFO ] 2015-09-17 20:57:11.225 [main] SEMP - >>>>>>   START  <<<<<<<
[INFO ] 2015-09-17 20:57:11.225 [main] SEMP - SEMP Gateway initialized!
[INFO ] 2015-09-17 20:57:11.225 [main] SEMP - >>>>>>   STOP   <<<<<<<
[INFO ] 2015-09-17 20:57:13.569 [main] SEMP - >>>>>>   START  <<<<<<<
[INFO ] 2015-09-17 20:57:13.585 [main] SEMP - SEMP Gateway initialized!
[INFO ] 2015-09-17 20:57:13.585 [main] SEMP - >>>>>>   STOP   <<<<<<<
[INFO ] 2015-09-17 21:00:43.903 [main] SEMP - >>>>>>   START  <<<<<<<
[INFO ] 2015-09-17 21:00:43.906 [main] SEMP - SEMP Gateway initialized!
[INFO ] 2015-09-17 21:00:43.906 [main] SEMP - >>>>>>   STOP   <<<<<<<
[INFO ] 2015-09-17 21:00:46.090 [main] SEMP - >>>>>>   START  <<<<<<<
[INFO ] 2015-09-17 21:00:46.092 [main] SEMP - SEMP Gateway initialized!
[INFO ] 2015-09-17 21:00:46.092 [main] SEMP - >>>>>>   STOP   <<<<<<<
[INFO ] 2015-09-17 21:00:56.315 [main] SEMP - >>>>>>   START  <<<<<<<
[INFO ] 2015-09-17 21:00:56.318 [main] SEMP - SEMP Gateway initialized!
[INFO ] 2015-09-17 21:00:56.318 [main] SEMP - >>>>>>   STOP   <<<<<<<
[INFO ] 2015-09-17 21:00:58.170 [main] SEMP - >>>>>>   START  <<<<<<<
[INFO ] 2015-09-17 21:00:58.172 [main] SEMP - SEMP Gateway initialized!
[INFO ] 2015-09-17 21:00:58.172 [main] SEMP - >>>>>>   STOP   <<<<<<<
[INFO ] 2015-09-17 21:06:31.392 [main] SEMP - >>>>>>   START  <<<<<<<
[INFO ] 2015-09-17 21:06:31.392 [main] SEMP - SEMP Gateway initialized!
[INFO ] 2015-09-17 21:06:31.392 [main] SEMP - >>>>>>   STOP   <<<<<<<
[INFO ] 2015-09-17 21:06:33.798 [main] SEMP - >>>>>>   START  <<<<<<<
[INFO ] 2015-09-17 21:06:33.798 [main] SEMP - SEMP Gateway initialized!
[INFO ] 2015-09-17 21:06:33.798 [main] SEMP - >>>>>>   STOP   <<<<<<<
[INFO ] 2015-09-17 21:06:38.720 [main] SEMP - >>>>>>   START  <<<<<<<
[INFO ] 2015-09-17 21:06:38.720 [main] SEMP - SEMP Gateway initialized!
[INFO ] 2015-09-17 21:06:38.720 [main] SEMP - >>>>>>   STOP   <<<<<<<
[INFO ] 2015-09-17 21:06:40.595 [main] SEMP - >>>>>>   START  <<<<<<<
[INFO ] 2015-09-17 21:06:40.595 [main] SEMP - SEMP Gateway initialized!
[INFO ] 2015-09-17 21:06:40.595 [main] SEMP - >>>>>>   STOP   <<<<<<<
[INFO ] 2015-09-17 21:07:40.799 [main] SEMP - >>>>>>   START  <<<<<<<
[INFO ] 2015-09-17 21:07:40.799 [main] SEMP - SEMP Gateway initialized!
[INFO ] 2015-09-17 21:07:40.799 [main] SEMP - >>>>>>   STOP   <<<<<<<
[INFO ] 2015-09-17 21:11:15.977 [main] SEMP - >>>>>>   START  <<<<<<<
[INFO ] 2015-09-17 21:11:15.977 [main] SEMP - SEMP Gateway initialized!
[ERROR] 2015-09-17 21:11:15.977 [main] SEMP - Unable to load /config.xml file from classpath.
java.lang.NullPointerException
	at java.util.Objects.requireNonNull(Objects.java:203) ~[?:1.8.0_05]
	at java.util.Properties.loadFromXML(Properties.java:881) ~[?:1.8.0_05]
	at de.sandholz.semp.core.Param.init(Param.java:36) [classes/:?]
	at de.sandholz.semp.core.Param.getValue(Param.java:51) [classes/:?]
	at de.sandholz.semp.core.SEMPGateway.getInstance(SEMPGateway.java:45) [classes/:?]
	at Test.main(Test.java:18) [classes/:?]
[INFO ] 2015-09-17 21:11:22.036 [main] SEMP - >>>>>>   START  <<<<<<<
[INFO ] 2015-09-17 21:11:22.036 [main] SEMP - SEMP Gateway initialized!
[ERROR] 2015-09-17 21:11:22.036 [main] SEMP - Unable to load /config.xml file from classpath.
java.lang.NullPointerException
	at java.util.Objects.requireNonNull(Objects.java:203) ~[?:1.8.0_05]
	at java.util.Properties.loadFromXML(Properties.java:881) ~[?:1.8.0_05]
	at de.sandholz.semp.core.Param.init(Param.java:36) [classes/:?]
	at de.sandholz.semp.core.Param.getValue(Param.java:51) [classes/:?]
	at de.sandholz.semp.core.SEMPGateway.getInstance(SEMPGateway.java:45) [classes/:?]
	at Test.main(Test.java:18) [classes/:?]
[INFO ] 2015-09-17 21:13:38.032 [main] SEMP - >>>>>>   START  <<<<<<<
[INFO ] 2015-09-17 21:13:38.036 [main] SEMP - SEMP Gateway initialized!
[ERROR] 2015-09-17 21:13:38.041 [main] SEMP - Unable to load /config.xml file from classpath.
java.lang.NullPointerException
	at java.util.Objects.requireNonNull(Objects.java:203) ~[?:1.8.0_05]
	at java.util.Properties.loadFromXML(Properties.java:881) ~[?:1.8.0_05]
	at de.sandholz.semp.core.Param.init(Param.java:34) [classes/:?]
	at de.sandholz.semp.core.Param.getValue(Param.java:49) [classes/:?]
	at de.sandholz.semp.core.SEMPGateway.getInstance(SEMPGateway.java:45) [classes/:?]
	at Test.main(Test.java:18) [classes/:?]
[INFO ] 2015-09-17 21:15:13.834 [main] SEMP - >>>>>>   START  <<<<<<<
[INFO ] 2015-09-17 21:15:13.834 [main] SEMP - SEMP Gateway initialized!
[ERROR] 2015-09-17 21:15:13.834 [main] SEMP - Unable to load /config.xml file from classpath.
java.lang.NullPointerException
	at java.util.Objects.requireNonNull(Objects.java:203) ~[?:1.8.0_05]
	at java.util.Properties.loadFromXML(Properties.java:881) ~[?:1.8.0_05]
	at de.sandholz.semp.core.Param.init(Param.java:34) [classes/:?]
	at de.sandholz.semp.core.Param.getValue(Param.java:49) [classes/:?]
	at de.sandholz.semp.core.SEMPGateway.getInstance(SEMPGateway.java:45) [classes/:?]
	at Test.main(Test.java:18) [classes/:?]
[INFO ] 2015-09-17 21:17:27.898 [main] SEMP - >>>>>>   START  <<<<<<<
[INFO ] 2015-09-17 21:17:27.902 [main] SEMP - SEMP Gateway initialized!
[ERROR] 2015-09-17 21:17:27.908 [main] SEMP - Unable to load /config.xml file from classpath.
java.lang.NullPointerException
	at java.util.Objects.requireNonNull(Objects.java:203) ~[?:1.8.0_05]
	at java.util.Properties.loadFromXML(Properties.java:881) ~[?:1.8.0_05]
	at de.sandholz.semp.core.Param.init(Param.java:34) [classes/:?]
	at de.sandholz.semp.core.Param.getValue(Param.java:49) [classes/:?]
	at de.sandholz.semp.core.SEMPGateway.getInstance(SEMPGateway.java:45) [classes/:?]
	at Test.main(Test.java:18) [classes/:?]
[INFO ] 2015-09-17 21:17:29.789 [main] SEMP - >>>>>>   START  <<<<<<<
[INFO ] 2015-09-17 21:17:29.791 [main] SEMP - SEMP Gateway initialized!
[ERROR] 2015-09-17 21:17:29.791 [main] SEMP - Unable to load /config.xml file from classpath.
java.lang.NullPointerException
	at java.util.Objects.requireNonNull(Objects.java:203) ~[?:1.8.0_05]
	at java.util.Properties.loadFromXML(Properties.java:881) ~[?:1.8.0_05]
	at de.sandholz.semp.core.Param.init(Param.java:34) [classes/:?]
	at de.sandholz.semp.core.Param.getValue(Param.java:49) [classes/:?]
	at de.sandholz.semp.core.SEMPGateway.getInstance(SEMPGateway.java:45) [classes/:?]
	at Test.main(Test.java:18) [classes/:?]
[INFO ] 2015-09-17 21:18:06.423 [main] SEMP - >>>>>>   START  <<<<<<<
[INFO ] 2015-09-17 21:18:06.427 [main] SEMP - SEMP Gateway initialized!
[INFO ] 2015-09-17 21:18:06.441 [main] SEMP - ffMaren
[INFO ] 2015-09-17 21:18:06.441 [main] SEMP - >>>>>>   STOP   <<<<<<<
[INFO ] 2015-09-17 21:19:54.810 [main] SEMP - >>>>>>   START  <<<<<<<
[INFO ] 2015-09-17 21:19:54.814 [main] SEMP - SEMP Gateway initialized!
[INFO ] 2015-09-17 21:19:54.827 [main] SEMP - ffMaren
[INFO ] 2015-09-17 21:19:54.827 [main] SEMP - >>>>>>   STOP   <<<<<<<
[INFO ] 2015-09-17 21:20:06.237 [main] SEMP - >>>>>>   START  <<<<<<<
[INFO ] 2015-09-17 21:20:06.239 [main] SEMP - SEMP Gateway initialized!
[INFO ] 2015-09-17 21:20:06.246 [main] SEMP - ffMarenTOP
[INFO ] 2015-09-17 21:20:06.246 [main] SEMP - >>>>>>   STOP   <<<<<<<
[INFO ] 2015-09-17 21:20:43.693 [main] SEMP - >>>>>>   START  <<<<<<<
[INFO ] 2015-09-17 21:20:43.697 [main] SEMP - SEMP Gateway initialized!
[INFO ] 2015-09-17 21:20:43.709 [main] SEMP - ffMarenTOP
[INFO ] 2015-09-17 21:20:43.710 [main] SEMP - >>>>>>   STOP   <<<<<<<
[INFO ] 2015-09-17 21:40:16.288 [main] SEMP - >>>>>>   START  <<<<<<<
[INFO ] 2015-09-17 21:40:16.288 [main] SEMP - SEMP Gateway initialized!
[INFO ] 2015-09-17 21:40:16.288 [main] SEMP - SEMP Engine started!
[INFO ] 2015-09-17 21:40:16.288 [main] SEMP - >>>>>>   STOP   <<<<<<<
[INFO ] 2015-09-17 21:45:40.649 [main] SEMP - >>>>>>   START  <<<<<<<
[INFO ] 2015-09-17 21:45:40.649 [main] SEMP - SEMP Gateway initialized!
[INFO ] 2015-09-17 21:45:40.649 [main] SEMP - SEMP Engine started!
[INFO ] 2015-09-17 21:45:40.649 [main] SEMP - >>>>>>   STOP   <<<<<<<
[INFO ] 2015-09-17 21:45:44.055 [main] SEMP - >>>>>>   START  <<<<<<<
[INFO ] 2015-09-17 21:45:44.071 [main] SEMP - SEMP Gateway initialized!
[INFO ] 2015-09-17 21:45:44.071 [main] SEMP - SEMP Engine started!
[INFO ] 2015-09-17 21:45:44.071 [main] SEMP - >>>>>>   STOP   <<<<<<<
[INFO ] 2015-09-17 21:53:43.157 [main] SEMP - >>>>>>   START  <<<<<<<
[INFO ] 2015-09-17 21:53:43.173 [main] SEMP - SEMP Gateway initialized!
[INFO ] 2015-09-17 21:53:43.173 [main] SEMP - SEMP Engine started!
[INFO ] 2015-09-17 21:53:43.173 [main] SEMP - >>>>>>   STOP   <<<<<<<
[INFO ] 2015-09-17 21:55:48.555 [main] SEMP - >>>>>>   START  <<<<<<<
[INFO ] 2015-09-17 21:55:48.555 [main] SEMP - SEMP Gateway initialized!
[INFO ] 2015-09-17 21:55:48.555 [main] SEMP - SEMP Engine started!
[INFO ] 2015-09-17 21:55:48.555 [main] SEMP - >>>>>>   STOP   <<<<<<<
[INFO ] 2015-09-17 22:24:56.538 [main] SEMP - >>>>>>   START  <<<<<<<
[WARN ] 2015-09-17 22:24:56.554 [main] SEMP - AUTO -> HOST_OS
[WARN ] 2015-09-17 22:24:56.554 [main] SEMP - AUTO -> HTTP_ADDRESS
[INFO ] 2015-09-17 22:24:56.554 [main] SEMP - >>>>>>   STOP   <<<<<<<
[INFO ] 2015-09-17 22:26:21.668 [main] SEMP - >>>>>>   START  <<<<<<<
[WARN ] 2015-09-17 22:26:21.683 [main] SEMP - AUTO -> HOST_OS
[WARN ] 2015-09-17 22:26:21.683 [main] SEMP - AUTO -> HTTP_ADDRESS
[INFO ] 2015-09-17 22:26:21.683 [main] SEMP - >>>>>>   STOP   <<<<<<<
[INFO ] 2015-09-17 22:27:34.125 [main] SEMP - >>>>>>   START  <<<<<<<
[WARN ] 2015-09-17 22:27:34.140 [main] SEMP - AUTO -> HOST_OS
[WARN ] 2015-09-17 22:27:34.140 [main] SEMP - AUTO -> HTTP_ADDRESS
[INFO ] 2015-09-17 22:27:34.140 [main] SEMP - >>>>>>   STOP   <<<<<<<
[INFO ] 2015-09-17 22:28:52.082 [main] SEMP - >>>>>>   START  <<<<<<<
[WARN ] 2015-09-17 22:28:52.097 [main] SEMP - AUTO -> HOST_OS
[WARN ] 2015-09-17 22:28:52.097 [main] SEMP - AUTO -> HTTP_ADDRESS
[WARN ] 2015-09-17 22:28:52.097 [main] SEMP - AUTO -> HOST_OS
[WARN ] 2015-09-17 22:28:52.097 [main] SEMP - AUTO -> HTTP_ADDRESS
[WARN ] 2015-09-17 22:28:52.097 [main] SEMP - AUTO -> HOST_OS
[WARN ] 2015-09-17 22:28:52.097 [main] SEMP - AUTO -> HTTP_ADDRESS
[INFO ] 2015-09-17 22:28:52.097 [main] SEMP - >>>>>>   STOP   <<<<<<<
[INFO ] 2015-09-17 22:29:07.833 [main] SEMP - >>>>>>   START  <<<<<<<
[WARN ] 2015-09-17 22:29:07.833 [main] SEMP - AUTO -> HOST_OS
[WARN ] 2015-09-17 22:29:07.833 [main] SEMP - AUTO -> HTTP_ADDRESS
[WARN ] 2015-09-17 22:29:07.833 [main] SEMP - AUTO -> HOST_OS
[WARN ] 2015-09-17 22:29:07.833 [main] SEMP - AUTO -> HTTP_ADDRESS
[WARN ] 2015-09-17 22:29:07.833 [main] SEMP - AUTO -> HOST_OS
[WARN ] 2015-09-17 22:29:07.833 [main] SEMP - AUTO -> HTTP_ADDRESS
[INFO ] 2015-09-17 22:29:07.833 [main] SEMP - >>>>>>   STOP   <<<<<<<
[INFO ] 2015-09-17 22:32:25.496 [main] SEMP - >>>>>>   START  <<<<<<<
[WARN ] 2015-09-17 22:32:25.511 [main] SEMP - AUTO -> HOST_OS
[WARN ] 2015-09-17 22:32:25.511 [main] SEMP - AUTO -> HTTP_ADDRESS
[WARN ] 2015-09-17 22:32:25.511 [main] SEMP - AUTO -> HOST_OS
[WARN ] 2015-09-17 22:32:25.511 [main] SEMP - AUTO -> HTTP_ADDRESS
[WARN ] 2015-09-17 22:32:25.511 [main] SEMP - AUTO -> HOST_OS
[WARN ] 2015-09-17 22:32:25.511 [main] SEMP - AUTO -> HTTP_ADDRESS
[INFO ] 2015-09-17 22:32:25.511 [main] SEMP - >>>>>>   STOP   <<<<<<<
[INFO ] 2015-09-17 22:33:25.177 [main] SEMP - >>>>>>   START  <<<<<<<
[WARN ] 2015-09-17 22:33:25.192 [main] SEMP - No method for config param: HOST_OS
[WARN ] 2015-09-17 22:33:25.192 [main] SEMP - No method for config param: HTTP_ADDRESS
[WARN ] 2015-09-17 22:33:25.192 [main] SEMP - No method for config param: HOST_OS
[WARN ] 2015-09-17 22:33:25.192 [main] SEMP - No method for config param: HTTP_ADDRESS
[WARN ] 2015-09-17 22:33:25.192 [main] SEMP - No method for config param: HOST_OS
[WARN ] 2015-09-17 22:33:25.192 [main] SEMP - No method for config param: HTTP_ADDRESS
[INFO ] 2015-09-17 22:33:25.192 [main] SEMP - >>>>>>   STOP   <<<<<<<
[INFO ] 2015-09-17 22:34:14.993 [main] SEMP - >>>>>>   START  <<<<<<<
[WARN ] 2015-09-17 22:34:15.009 [main] SEMP - No method for config param: HOST_OS=auto
[WARN ] 2015-09-17 22:34:15.009 [main] SEMP - No method for config param: HTTP_ADDRESS=auto
[WARN ] 2015-09-17 22:34:15.009 [main] SEMP - No method for config param: HOST_OS=auto
[WARN ] 2015-09-17 22:34:15.009 [main] SEMP - No method for config param: HTTP_ADDRESS=auto
[WARN ] 2015-09-17 22:34:15.009 [main] SEMP - No method for config param: HOST_OS=auto
[WARN ] 2015-09-17 22:34:15.009 [main] SEMP - No method for config param: HTTP_ADDRESS=auto
[INFO ] 2015-09-17 22:34:15.009 [main] SEMP - >>>>>>   STOP   <<<<<<<
[INFO ] 2015-09-17 22:37:52.493 [main] SEMP - >>>>>>   START  <<<<<<<
[WARN ] 2015-09-17 22:37:52.509 [main] SEMP - No method for config param: HTTP_ADDRESS=auto
[WARN ] 2015-09-17 22:37:52.509 [main] SEMP - No method for config param: HTTP_ADDRESS=auto
[WARN ] 2015-09-17 22:37:52.509 [main] SEMP - No method for config param: HTTP_ADDRESS=auto
[INFO ] 2015-09-17 22:37:52.509 [main] SEMP - >>>>>>   STOP   <<<<<<<
[INFO ] 2015-09-17 22:39:45.778 [main] SEMP - >>>>>>   START  <<<<<<<
[WARN ] 2015-09-17 22:39:45.793 [main] SEMP - No method for config param: HTTP_ADDRESS=auto
[WARN ] 2015-09-17 22:39:45.793 [main] SEMP - No method for config param: HTTP_ADDRESS=auto
[WARN ] 2015-09-17 22:39:45.793 [main] SEMP - No method for config param: HTTP_ADDRESS=auto
[INFO ] 2015-09-17 22:39:45.793 [main] SEMP - >>>>>>   STOP   <<<<<<<
[INFO ] 2015-09-17 22:39:48.778 [main] SEMP - >>>>>>   START  <<<<<<<
[WARN ] 2015-09-17 22:39:48.778 [main] SEMP - No method for config param: HTTP_ADDRESS=auto
[WARN ] 2015-09-17 22:39:48.778 [main] SEMP - No method for config param: HTTP_ADDRESS=auto
[WARN ] 2015-09-17 22:39:48.778 [main] SEMP - No method for config param: HTTP_ADDRESS=auto
[INFO ] 2015-09-17 22:39:48.778 [main] SEMP - >>>>>>   STOP   <<<<<<<
[INFO ] 2015-09-17 22:40:13.187 [main] SEMP - >>>>>>   START  <<<<<<<
[WARN ] 2015-09-17 22:40:13.203 [main] SEMP - No method for config param: HTTP_ADDRESS=auto
[WARN ] 2015-09-17 22:40:13.203 [main] SEMP - No method for config param: HTTP_ADDRESS=auto
[WARN ] 2015-09-17 22:40:13.203 [main] SEMP - No method for config param: HTTP_ADDRESS=auto
[INFO ] 2015-09-17 22:40:13.203 [main] SEMP - >>>>>>   STOP   <<<<<<<
[INFO ] 2015-09-17 22:40:42.647 [main] SEMP - >>>>>>   START  <<<<<<<
[WARN ] 2015-09-17 22:40:42.663 [main] SEMP - No method for config param: HTTP_ADDRESS=auto
[WARN ] 2015-09-17 22:40:42.663 [main] SEMP - No method for config param: HTTP_ADDRESS=auto
[WARN ] 2015-09-17 22:40:42.663 [main] SEMP - No method for config param: HTTP_ADDRESS=auto
[INFO ] 2015-09-17 22:40:42.663 [main] SEMP - >>>>>>   STOP   <<<<<<<
[INFO ] 2015-09-17 22:51:07.994 [main] SEMP - >>>>>>   START  <<<<<<<
[WARN ] 2015-09-17 22:51:08.009 [main] SEMP - No method for config param: SEMP_GW_DEVICE_ID=auto
[WARN ] 2015-09-17 22:51:08.009 [main] SEMP - No method for config param: SEMP_GW_DEVICE_ID=auto
[WARN ] 2015-09-17 22:51:08.009 [main] SEMP - No method for config param: SEMP_GW_DEVICE_ID=auto
[WARN ] 2015-09-17 22:51:08.009 [main] SEMP - No method for config param: SEMP_GW_DEVICE_ID=auto
[INFO ] 2015-09-17 22:51:08.009 [main] SEMP - >>>>>>   STOP   <<<<<<<
[INFO ] 2015-09-17 22:51:55.866 [main] SEMP - >>>>>>   START  <<<<<<<
[WARN ] 2015-09-17 22:51:55.882 [main] SEMP - No method for config param: SEMP_GW_DEVICE_ID=auto
[WARN ] 2015-09-17 22:51:55.882 [main] SEMP - No method for config param: SEMP_GW_DEVICE_ID=auto
[WARN ] 2015-09-17 22:51:55.882 [main] SEMP - No method for config param: SEMP_GW_DEVICE_ID=auto
[WARN ] 2015-09-17 22:51:55.882 [main] SEMP - No method for config param: SEMP_GW_DEVICE_ID=auto
[INFO ] 2015-09-17 22:51:55.882 [main] SEMP - >>>>>>   STOP   <<<<<<<
[INFO ] 2015-09-17 22:52:51.843 [main] SEMP - >>>>>>   START  <<<<<<<
[WARN ] 2015-09-17 22:52:51.843 [main] SEMP - No method for config param: SEMP_GW_DEVICE_ID=auto
[WARN ] 2015-09-17 22:52:51.843 [main] SEMP - No method for config param: SEMP_GW_DEVICE_ID=auto
[WARN ] 2015-09-17 22:52:51.843 [main] SEMP - No method for config param: SEMP_GW_DEVICE_ID=auto
[WARN ] 2015-09-17 22:52:51.843 [main] SEMP - No method for config param: SEMP_GW_DEVICE_ID=auto
[INFO ] 2015-09-17 22:52:51.843 [main] SEMP - >>>>>>   STOP   <<<<<<<
[INFO ] 2015-09-17 22:53:28.142 [main] SEMP - >>>>>>   START  <<<<<<<
[INFO ] 2015-09-17 22:53:28.157 [main] SEMP - >>>>>>   STOP   <<<<<<<
[INFO ] 2015-09-17 22:54:02.862 [main] SEMP - >>>>>>   START  <<<<<<<
[INFO ] 2015-09-17 22:54:02.909 [main] SEMP - >>>>>>   STOP   <<<<<<<
[INFO ] 2015-09-17 22:54:38.284 [main] SEMP - >>>>>>   START  <<<<<<<
[INFO ] 2015-09-17 22:54:38.284 [main] SEMP - >>>>>>   STOP   <<<<<<<
[INFO ] 2015-09-17 22:55:07.907 [main] SEMP - >>>>>>   START  <<<<<<<
[INFO ] 2015-09-17 22:55:07.922 [main] SEMP - >>>>>>   STOP   <<<<<<<
[INFO ] 2015-09-17 23:06:48.246 [main] SEMP - >>>>>>   START  <<<<<<<
[INFO ] 2015-09-17 23:06:48.262 [main] SEMP - >>>>>>   STOP   <<<<<<<
[INFO ] 2015-09-17 23:07:19.215 [main] SEMP - >>>>>>   START  <<<<<<<
[INFO ] 2015-09-17 23:07:19.231 [main] SEMP - >>>>>>   STOP   <<<<<<<
[INFO ] 2015-09-17 23:08:19.980 [main] SEMP - >>>>>>   START  <<<<<<<
[INFO ] 2015-09-17 23:08:19.996 [main] SEMP - >>>>>>   STOP   <<<<<<<
[INFO ] 2015-09-17 23:15:28.972 [main] SEMP - >>>>>>   START  <<<<<<<
[INFO ] 2015-09-17 23:15:28.987 [main] SEMP - >>>>>>   STOP   <<<<<<<
